2026-02-09 13:19:56,217 - __main__ - INFO - 🚀 Iniciando MetricsCollector...
2026-02-09 13:19:56,224 - __main__ - INFO - Conectado a PostgreSQL
2026-02-09 13:19:56,231 - __main__ - INFO - Cargados 1839 tokens activos de las últimas 24h
2026-02-09 13:19:56,231 - __main__ - INFO - Iniciando ciclo de recopilación para 1839 tokens
2026-02-09 13:19:56,231 - __main__ - WARNING - Pool address no encontrado para Aev6b7Sp3DyQ14nGEgemac63i43mr4GJ1AVWpDBepump (Pump.fun)
2026-02-09 13:20:06,245 - rpc_helpers - ERROR - Error en RPC call getProgramAccounts: HTTPConnectionPool(host='127.0.0.1', port=7211): Read timed out. (read timeout=10)
2026-02-09 13:20:06,245 - __main__ - WARNING - Pool address no encontrado para 3mWyiHyL36BvrCtHVbmeaH7PVq2vaTs3weoR2SY3moon (Meteora DBC)
2026-02-09 13:20:16,256 - rpc_helpers - ERROR - Error en RPC call getProgramAccounts: HTTPConnectionPool(host='127.0.0.1', port=7211): Read timed out. (read timeout=10)
2026-02-09 13:20:16,256 - __main__ - WARNING - Pool address no encontrado para 7SfD4GJXxgLmsVZckoGPCcGVhMiTEhDCfyr2NBjWbonk (Raydium LaunchLab)
2026-02-09 13:20:26,267 - rpc_helpers - ERROR - Error en RPC call getProgramAccounts: HTTPConnectionPool(host='127.0.0.1', port=7211): Read timed out. (read timeout=10)
2026-02-09 13:20:26,267 - __main__ - WARNING - Pool address no encontrado para CBZwgM3stCgC98h9yAuNx9H6hcdjgea2N2fFEVxfCNDL (Meteora DBC)
2026-02-09 13:20:36,278 - rpc_helpers - ERROR - Error en RPC call getProgramAccounts: HTTPConnectionPool(host='127.0.0.1', port=7211): Read timed out. (read timeout=10)
2026-02-09 13:20:36,278 - __main__ - WARNING - Pool address no encontrado para DKRfnjJ9BsWN4N8fzc94BXMvD8yixekX4dpa27amYxF8 (Pump.fun)
2026-02-09 13:20:44,052 - __main__ - INFO - 
⚠️  Deteniendo MetricsCollector...
2026-02-09 13:20:44,052 - __main__ - INFO - ============================================================
2026-02-09 13:20:44,052 - __main__ - INFO - 📊 ESTADÍSTICAS DEL METRICS COLLECTOR
2026-02-09 13:20:44,052 - __main__ - INFO - ============================================================
2026-02-09 13:20:44,052 - __main__ - INFO - Tiempo activo: 0:00:47.835151
2026-02-09 13:20:44,052 - __main__ - INFO - Tokens activos monitoreados: 1839
2026-02-09 13:20:44,052 - __main__ - INFO - Métricas recopiladas: 0
2026-02-09 13:20:44,052 - __main__ - INFO - Errores: 0
2026-02-09 13:20:44,052 - __main__ - INFO - ============================================================
2026-02-09 13:20:44,052 - __main__ - INFO - Conexión a BD cerrada
